<?xml version="1.0" encoding="UTF-8" ?>
<testsuite errors="1" failures="0" hostname="VID01729" name="com.mysql.management.AllTestsSuite" tests="1" time="0.0" timestamp="2011-09-14T13:58:26">
  <properties>
    <property name="java.vendor" value="Sun Microsystems Inc." />
    <property name="sun.java.launcher" value="SUN_STANDARD" />
    <property name="sun.management.compiler" value="HotSpot Client Compiler" />
    <property name="dist" value="C:\DOCUME~1\jblemee\LOCALS~1\Temp\cmxj-build\dist" />
    <property name="os.name" value="Windows XP" />
    <property name="sun.boot.class.path" value="C:\Program Files\Java\jdk1.6.0_23\jre\lib\resources.jar;C:\Program Files\Java\jdk1.6.0_23\jre\lib\rt.jar;C:\Program Files\Java\jdk1.6.0_23\jre\lib\sunrsasign.jar;C:\Program Files\Java\jdk1.6.0_23\jre\lib\jsse.jar;C:\Program Files\Java\jdk1.6.0_23\jre\lib\jce.jar;C:\Program Files\Java\jdk1.6.0_23\jre\lib\charsets.jar;C:\Program Files\Java\jdk1.6.0_23\jre\lib\modules\jdk.boot.jar;C:\Program Files\Java\jdk1.6.0_23\jre\classes" />
    <property name="tmp" value="C:\DOCUME~1\jblemee\LOCALS~1\Temp\cmxj-build" />
    <property name="sun.desktop" value="windows" />
    <property name="java.vm.specification.vendor" value="Sun Microsystems Inc." />
    <property name="ant.home" value="D:\tools\IntelliJ IDEA 10.5\lib\ant" />
    <property name="java.runtime.version" value="1.6.0_23-b05" />
    <property name="ant.file.type.MySQL JMX" value="file" />
    <property name="user.name" value="jblemee" />
    <property name="emma.coverage.dir" value="E:\Downloads\mysql-connector-mxj-gpl-5-0-11\mysql-connector-mxj-gpl-5-0-11\misc\emma-results" />
    <property name="stage-root" value="C:\DOCUME~1\jblemee\LOCALS~1\Temp\cmxj-build\stage" />
    <property name="user.language" value="fr" />
    <property name="build" value="C:\DOCUME~1\jblemee\LOCALS~1\Temp\cmxj-build\build" />
    <property name="sun.boot.library.path" value="C:\Program Files\Java\jdk1.6.0_23\jre\bin" />
    <property name="ant.project.default-target" value="usage" />
    <property name="ant.project.name" value="MySQL JMX" />
    <property name="java.version" value="1.6.0_23" />
    <property name="user.timezone" value="" />
    <property name="sun.arch.data.model" value="32" />
    <property name="java.endorsed.dirs" value="C:\Program Files\Java\jdk1.6.0_23\jre\lib\endorsed" />
    <property name="sun.cpu.isalist" value="pentium_pro+mmx pentium_pro pentium+mmx pentium i486 i386 i86" />
    <property name="no.aspectj" value="true" />
    <property name="sun.jnu.encoding" value="Cp1252" />
    <property name="file.encoding.pkg" value="sun.io" />
    <property name="file.separator" value="\" />
    <property name="java.specification.name" value="Java Platform API Specification" />
    <property name="java.class.version" value="50.0" />
    <property name="src" value="E:\Downloads\mysql-connector-mxj-gpl-5-0-11\mysql-connector-mxj-gpl-5-0-11\src" />
    <property name="misc" value="E:\Downloads\mysql-connector-mxj-gpl-5-0-11\mysql-connector-mxj-gpl-5-0-11\misc" />
    <property name="user.country" value="FR" />
    <property name="java.home" value="C:\Program Files\Java\jdk1.6.0_23\jre" />
    <property name="java.vm.info" value="mixed mode, sharing" />
    <property name="ant.file" value="E:\Downloads\mysql-connector-mxj-gpl-5-0-11\mysql-connector-mxj-gpl-5-0-11\build.xml" />
    <property name="os.version" value="5.1" />
    <property name="gpl-mysqld-version" value="5-1-40" />
    <property name="path.separator" value=";" />
    <property name="java.vm.version" value="19.0-b09" />
    <property name="user.variant" value="" />
    <property name="ant.library.dir" value="D:\tools\IntelliJ IDEA 10.5\lib\ant\lib" />
    <property name="mxj-version" value="5-0-11" />
    <property name="java.awt.printerjob" value="sun.awt.windows.WPrinterJob" />
    <property name="sun.io.unicode.encoding" value="UnicodeLittle" />
    <property name="awt.toolkit" value="sun.awt.windows.WToolkit" />
    <property name="junit.results" value="E:\Downloads\mysql-connector-mxj-gpl-5-0-11\mysql-connector-mxj-gpl-5-0-11\misc\junit-results" />
    <property name="user.home" value="C:\Documents and Settings\jblemee" />
    <property name="java.specification.vendor" value="Sun Microsystems Inc." />
    <property name="commercial-mysqld-version" value="5-1-40" />
    <property name="java.library.path" value="C:\Program Files\Java\jdk1.6.0_23\bin;.;C:\WINDOWS\Sun\Java\bin;C:\WINDOWS\system32;C:\WINDOWS;D:\tools\IntelliJ IDEA 10.5\bin\..\.\bin;C:\WINDOWS\system32;C:\WINDOWS;C:\WINDOWS\System32\Wbem;C:\Program Files\ATI Technologies\ATI.ACE\Core-Static;C:\Program Files\Java\jdk1.6.0_23\bin;C:\tools\apache-ant-1.8.2\bin;C:\tools\apache-maven-3.0.2\bin;C:\Program Files\WinSCP\;D:\tools\play-1.2;C:\Program Files\MySQL\MySQL Server 5.1\bin;C:\Program Files\TortoiseSVN\bin;d:\tools\intellij idea 10.5\jre\jre\bin" />
    <property name="java.vendor.url" value="http://java.sun.com/" />
    <property name="java.vm.vendor" value="Sun Microsystems Inc." />
    <property name="java.runtime.name" value="Java(TM) SE Runtime Environment" />
    <property name="java.class.path" value="D:\tools\IntelliJ IDEA 10.5\lib\ant\lib\ant-antlr.jar;D:\tools\IntelliJ IDEA 10.5\lib\ant\lib\ant-apache-bcel.jar;D:\tools\IntelliJ IDEA 10.5\lib\ant\lib\ant-apache-bsf.jar;D:\tools\IntelliJ IDEA 10.5\lib\ant\lib\ant-apache-log4j.jar;D:\tools\IntelliJ IDEA 10.5\lib\ant\lib\ant-apache-oro.jar;D:\tools\IntelliJ IDEA 10.5\lib\ant\lib\ant-apache-regexp.jar;D:\tools\IntelliJ IDEA 10.5\lib\ant\lib\ant-apache-resolver.jar;D:\tools\IntelliJ IDEA 10.5\lib\ant\lib\ant-apache-xalan2.jar;D:\tools\IntelliJ IDEA 10.5\lib\ant\lib\ant-commons-logging.jar;D:\tools\IntelliJ IDEA 10.5\lib\ant\lib\ant-commons-net.jar;D:\tools\IntelliJ IDEA 10.5\lib\ant\lib\ant-jai.jar;D:\tools\IntelliJ IDEA 10.5\lib\ant\lib\ant-javamail.jar;D:\tools\IntelliJ IDEA 10.5\lib\ant\lib\ant-jdepend.jar;D:\tools\IntelliJ IDEA 10.5\lib\ant\lib\ant-jmf.jar;D:\tools\IntelliJ IDEA 10.5\lib\ant\lib\ant-jsch.jar;D:\tools\IntelliJ IDEA 10.5\lib\ant\lib\ant-junit.jar;D:\tools\IntelliJ IDEA 10.5\lib\ant\lib\ant-launcher.jar;D:\tools\IntelliJ IDEA 10.5\lib\ant\lib\ant-netrexx.jar;D:\tools\IntelliJ IDEA 10.5\lib\ant\lib\ant-swing.jar;D:\tools\IntelliJ IDEA 10.5\lib\ant\lib\ant-testutil.jar;D:\tools\IntelliJ IDEA 10.5\lib\ant\lib\ant.jar;C:\Program Files\Java\jdk1.6.0_23\lib\tools.jar;D:\tools\IntelliJ IDEA 10.5\lib\idea_rt.jar;D:\tools\IntelliJ IDEA 10.5\lib\ant\lib\ant-antlr.jar;D:\tools\IntelliJ IDEA 10.5\lib\ant\lib\ant-apache-bcel.jar;D:\tools\IntelliJ IDEA 10.5\lib\ant\lib\ant-apache-bsf.jar;D:\tools\IntelliJ IDEA 10.5\lib\ant\lib\ant-apache-log4j.jar;D:\tools\IntelliJ IDEA 10.5\lib\ant\lib\ant-apache-oro.jar;D:\tools\IntelliJ IDEA 10.5\lib\ant\lib\ant-apache-regexp.jar;D:\tools\IntelliJ IDEA 10.5\lib\ant\lib\ant-apache-resolver.jar;D:\tools\IntelliJ IDEA 10.5\lib\ant\lib\ant-apache-xalan2.jar;D:\tools\IntelliJ IDEA 10.5\lib\ant\lib\ant-commons-logging.jar;D:\tools\IntelliJ IDEA 10.5\lib\ant\lib\ant-commons-net.jar;D:\tools\IntelliJ IDEA 10.5\lib\ant\lib\ant-jai.jar;D:\tools\IntelliJ IDEA 10.5\lib\ant\lib\ant-javamail.jar;D:\tools\IntelliJ IDEA 10.5\lib\ant\lib\ant-jdepend.jar;D:\tools\IntelliJ IDEA 10.5\lib\ant\lib\ant-jmf.jar;D:\tools\IntelliJ IDEA 10.5\lib\ant\lib\ant-jsch.jar;D:\tools\IntelliJ IDEA 10.5\lib\ant\lib\ant-junit.jar;D:\tools\IntelliJ IDEA 10.5\lib\ant\lib\ant-launcher.jar;D:\tools\IntelliJ IDEA 10.5\lib\ant\lib\ant-netrexx.jar;D:\tools\IntelliJ IDEA 10.5\lib\ant\lib\ant-swing.jar;D:\tools\IntelliJ IDEA 10.5\lib\ant\lib\ant-testutil.jar;D:\tools\IntelliJ IDEA 10.5\lib\ant\lib\ant.jar" />
    <property name="ant.version" value="Apache Ant(TM) version 1.8.2 compiled on December 20 2010" />
    <property name="java.vm.specification.name" value="Java Virtual Machine Specification" />
    <property name="ant.file.type" value="file" />
    <property name="java.vm.specification.version" value="1.0" />
    <property name="sun.cpu.endian" value="little" />
    <property name="sun.os.patch.level" value="Service Pack 3" />
    <property name="java.io.tmpdir" value="C:\DOCUME~1\jblemee\LOCALS~1\Temp\" />
    <property name="java.vendor.url.bug" value="http://java.sun.com/cgi-bin/bugreport.cgi" />
    <property name="os.arch" value="x86" />
    <property name="java.awt.graphicsenv" value="sun.awt.Win32GraphicsEnvironment" />
    <property name="java.ext.dirs" value="C:\Program Files\Java\jdk1.6.0_23\jre\lib\ext;C:\WINDOWS\Sun\Java\lib\ext" />
    <property name="user.dir" value="E:\Downloads\mysql-connector-mxj-gpl-5-0-11\mysql-connector-mxj-gpl-5-0-11" />
    <property name="emma.dir" value="./lib-coverage" />
    <property name="ant.file.MySQL JMX" value="E:\Downloads\mysql-connector-mxj-gpl-5-0-11\mysql-connector-mxj-gpl-5-0-11\build.xml" />
    <property name="line.separator" value="&#xd;&#xa;" />
    <property name="java.vm.name" value="Java HotSpot(TM) Client VM" />
    <property name="basedir" value="E:\Downloads\mysql-connector-mxj-gpl-5-0-11\mysql-connector-mxj-gpl-5-0-11" />
    <property name="ant.java.version" value="1.6" />
    <property name="ant.core.lib" value="D:\tools\IntelliJ IDEA 10.5\lib\ant\lib\ant.jar" />
    <property name="file.encoding" value="windows-1252" />
    <property name="java.specification.version" value="1.6" />
    <property name="ant.project.invoked-targets" value="test" />
  </properties>
  <error message="com.mysql.management.AllTestsSuite" type="java.lang.ClassNotFoundException">java.lang.ClassNotFoundException: com.mysql.management.AllTestsSuite
	at java.lang.ClassLoader.loadClass(ClassLoader.java:248)
	at java.lang.Class.forName0(Native Method)
	at java.lang.Class.forName(Class.java:247)
	at com.intellij.rt.ant.execution.AntMain2.main(AntMain2.java:32)
</error>
  <system-out><![CDATA[]]></system-out>
  <system-err><![CDATA[]]></system-err>
</testsuite>
